listen serve on port 8081
listen serve on port 8081
listening on port 80
listen serve on port 8081
listening on port 80
listen serve on port 8081

  TypeError: Cannot read property 'Symbol(Symbol.iterator)' of undefined
      at Object.serve (/root/github/BeiDanChi/node_modules/koa-static/index.js:43:14)
      at serve.next (<anonymous>)
      at onFulfilled (/root/github/BeiDanChi/node_modules/co/index.js:65:19)

listening on port 80
listen serve on port 8081

  TypeError: Cannot read property 'Symbol(Symbol.iterator)' of undefined
      at Object.serve (/root/github/BeiDanChi/node_modules/koa-static/index.js:43:14)
      at serve.next (<anonymous>)
      at onFulfilled (/root/github/BeiDanChi/node_modules/co/index.js:65:19)

/word/list： [ { _id: 586af22be263070a88c31ed9,
    word: 'Tenant',
    describe: 'We showed the new tenants around the apartment.',
    end_time: 1484108048428,
    uid: 'bynyhysc2jhqib21ypno3ounim3xupa3njyb20ql' },
  { _id: 58629752e263070a88c31ec8,
    word: 'crime',
    describe: 'Those who commit crimes must be severely punished.',
    end_time: 1484193948457,
    uid: 'bynyhysc2jhqib21ypno3ounim3xupa3njyb20ql' },
  { _id: 586067d04e0e9e0548c08c6d,
    word: 'Vacant',
    describe: 'The apartment is vacant.you can move in any time you want.\n\n\nThe apartment is vacant,you can move in any time you want.',
    end_time: 1484043827305,
    uid: 'bynyhysc2jhqib21ypno3ounim3xupa3njyb20ql' },
  { _id: 58605b9b4e0e9e0548c08c6b,
    word: 'Sufficient',
    describe: 'I have prepared sufficient pancakes for my daughter.',
    end_time: 1483987849716,
    uid: 'bynyhysc2jhqib21ypno3ounim3xupa3njyb20ql' },
  { _id: 585f6f38c5a41f1b5faca603,
    word: 'adjustable',
    describe: 'The size of the belt is adjustable.',
    end_time: 1484108051546,
    uid: 'bynyhysc2jhqib21ypno3ounim3xupa3njyb20ql' },
  { _id: 585cfe9be45f0432780b76e4,
    word: 'Junk',
    describe: 'I don\'t need any of this junk.',
    end_time: 1484108053530,
    uid: 'bynyhysc2jhqib21ypno3ounim3xupa3njyb20ql' },
  { _id: 585baba9e45f0432780b76e1,
    word: 'The dog dispose the cat for licking her ass.',
    describe: '',
    end_time: 1483849626784,
    uid: 'bynyhysc2jhqib21ypno3ounim3xupa3njyb20ql' },
  { _id: 585b22c3e45f0432780b76e0,
    word: 'Attendance',
    describe: 'The attendance is  compulsory for this conference.',
    end_time: 1484021203805,
    uid: 'bynyhysc2jhqib21ypno3ounim3xupa3njyb20ql' },
  { _id: 585b21bfe45f0432780b76df,
    word: 'entitle',
    describe: 'Only invited wedding guests are entitled to sit here.',
    end_time: 1484021088779,
    uid: 'bynyhysc2jhqib21ypno3ounim3xupa3njyb20ql' },
  { _id: 585a5ceae45f0432780b76dd,
    word: 'Entitle',
    describe: 'Only invited wedding guests are entitle to sit here.',
    end_time: 1483967928674,
    uid: 'bynyhysc2jhqib21ypno3ounim3xupa3njyb20ql' },
  { _id: 585a591fe45f0432780b76dc,
    word: 'sensor',
    describe: 'The car sensor will warn you if your car is going to hit something.',
    end_time: 1484131051432,
    uid: 'bynyhysc2jhqib21ypno3ounim3xupa3njyb20ql' },
  { _id: 585a5840e45f0432780b76da,
    word: 'innovation',
    describe: 'The age of innovation is upon us！',
    end_time: 1484107480674,
    uid: 'bynyhysc2jhqib21ypno3ounim3xupa3njyb20ql' },
  { _id: 585a064be45f0432780b76d5,
    word: 'innovation',
    describe: 'The age of innovation is upon us.hurry up with my dinner.',
    end_time: 1483966948568,
    uid: 'bynyhysc2jhqib21ypno3ounim3xupa3njyb20ql' },
  { _id: 5859f879e45f0432780b76d4,
    word: 'mental',
    describe: 'He takes pills as candy out of his mental sickness.\n\n\nHe takes pills as candy out of his mental sickness.\n\nadj. 精神的，心理的,思想的\n',
    end_time: 1483761895796,
    uid: 'bynyhysc2jhqib21ypno3ounim3xupa3njyb20ql' },
  { _id: 5859f615e45f0432780b76d3,
    word: 'guarantee',
    describe: 'Use Baicizhan guarantees that you will pass your English exam。\n\nUsing Baicizhan guarantees that you will pass your English exams。\n\nv.保证,担保\nn.担保,保留单',
    end_time: 1484000389383,
    uid: 'bynyhysc2jhqib21ypno3ounim3xupa3njyb20ql' },
  { _id: 585948ab176f801d51e7136c,
    word: 'attendance',
    describe: 'the attendance is compulsore for this conference.',
    end_time: 1483847745222,
    uid: 'bynyhysc2jhqib21ypno3ounim3xupa3njyb20ql' },
  { _id: 5859052fb019c81c7e2e7a1b,
    word: 'domestic',
    describe: 'I\'m a big fan of domestic products\n国货',
    end_time: 1483881431477,
    uid: 'bynyhysc2jhqib21ypno3ounim3xupa3njyb20ql' } ]

  TypeError: Cannot read property 'Symbol(Symbol.iterator)' of undefined
      at Object.serve (/root/github/BeiDanChi/node_modules/koa-static/index.js:43:14)
      at serve.next (<anonymous>)
      at onFulfilled (/root/github/BeiDanChi/node_modules/co/index.js:65:19)

/word/all： [ { _id: 5859f879e45f0432780b76d4,
    word: 'mental',
    describe: 'He takes pills as candy out of his mental sickness.\n\n\nHe takes pills as candy out of his mental sickness.\n\nadj. 精神的，心理的,思想的\n',
    end_time: 1483761895796,
    uid: 'bynyhysc2jhqib21ypno3ounim3xupa3njyb20ql' },
  { _id: 585948ab176f801d51e7136c,
    word: 'attendance',
    describe: 'the attendance is compulsore for this conference.',
    end_time: 1483847745222,
    uid: 'bynyhysc2jhqib21ypno3ounim3xupa3njyb20ql' },
  { _id: 585baba9e45f0432780b76e1,
    word: 'The dog dispose the cat for licking her ass.',
    describe: '',
    end_time: 1483849626784,
    uid: 'bynyhysc2jhqib21ypno3ounim3xupa3njyb20ql' },
  { _id: 5859052fb019c81c7e2e7a1b,
    word: 'domestic',
    describe: 'I\'m a big fan of domestic products\n国货',
    end_time: 1483881431477,
    uid: 'bynyhysc2jhqib21ypno3ounim3xupa3njyb20ql' },
  { _id: 585a064be45f0432780b76d5,
    word: 'innovation',
    describe: 'The age of innovation is upon us.hurry up with my dinner.',
    end_time: 1483966948568,
    uid: 'bynyhysc2jhqib21ypno3ounim3xupa3njyb20ql' },
  { _id: 585a5ceae45f0432780b76dd,
    word: 'Entitle',
    describe: 'Only invited wedding guests are entitle to sit here.',
    end_time: 1483967928674,
    uid: 'bynyhysc2jhqib21ypno3ounim3xupa3njyb20ql' },
  { _id: 58605b9b4e0e9e0548c08c6b,
    word: 'Sufficient',
    describe: 'I have prepared sufficient pancakes for my daughter.',
    end_time: 1483987849716,
    uid: 'bynyhysc2jhqib21ypno3ounim3xupa3njyb20ql' },
  { _id: 5859f615e45f0432780b76d3,
    word: 'guarantee',
    describe: 'Use Baicizhan guarantees that you will pass your English exam。\n\nUsing Baicizhan guarantees that you will pass your English exams。\n\nv.保证,担保\nn.担保,保留单',
    end_time: 1484000389383,
    uid: 'bynyhysc2jhqib21ypno3ounim3xupa3njyb20ql' },
  { _id: 585b21bfe45f0432780b76df,
    word: 'entitle',
    describe: 'Only invited wedding guests are entitled to sit here.',
    end_time: 1484021088779,
    uid: 'bynyhysc2jhqib21ypno3ounim3xupa3njyb20ql' },
  { _id: 585b22c3e45f0432780b76e0,
    word: 'Attendance',
    describe: 'The attendance is  compulsory for this conference.',
    end_time: 1484021203805,
    uid: 'bynyhysc2jhqib21ypno3ounim3xupa3njyb20ql' },
  { _id: 586067d04e0e9e0548c08c6d,
    word: 'Vacant',
    describe: 'The apartment is vacant.you can move in any time you want.\n\n\nThe apartment is vacant,you can move in any time you want.',
    end_time: 1484043827305,
    uid: 'bynyhysc2jhqib21ypno3ounim3xupa3njyb20ql' },
  { _id: 585a5840e45f0432780b76da,
    word: 'innovation',
    describe: 'The age of innovation is upon us！',
    end_time: 1484107480674,
    uid: 'bynyhysc2jhqib21ypno3ounim3xupa3njyb20ql' },
  { _id: 586af22be263070a88c31ed9,
    word: 'Tenant',
    describe: 'We showed the new tenants around the apartment.',
    end_time: 1484108048428,
    uid: 'bynyhysc2jhqib21ypno3ounim3xupa3njyb20ql' },
  { _id: 585f6f38c5a41f1b5faca603,
    word: 'adjustable',
    describe: 'The size of the belt is adjustable.',
    end_time: 1484108051546,
    uid: 'bynyhysc2jhqib21ypno3ounim3xupa3njyb20ql' },
  { _id: 585cfe9be45f0432780b76e4,
    word: 'Junk',
    describe: 'I don\'t need any of this junk.',
    end_time: 1484108053530,
    uid: 'bynyhysc2jhqib21ypno3ounim3xupa3njyb20ql' },
  { _id: 585a591fe45f0432780b76dc,
    word: 'sensor',
    describe: 'The car sensor will warn you if your car is going to hit something.',
    end_time: 1484131051432,
    uid: 'bynyhysc2jhqib21ypno3ounim3xupa3njyb20ql' },
  { _id: 58629752e263070a88c31ec8,
    word: 'crime',
    describe: 'Those who commit crimes must be severely punished.',
    end_time: 1484193948457,
    uid: 'bynyhysc2jhqib21ypno3ounim3xupa3njyb20ql' },
  { _id: 5863089fe263070a88c31ecb,
    word: 'Purity',
    describe: 'White roses are a sambol of purity.',
    end_time: 1484313777789,
    uid: 'bynyhysc2jhqib21ypno3ounim3xupa3njyb20ql' },
  { _id: 586a56efe263070a88c31ed8,
    word: 'Mask',
    describe: 'The mask is stable enough to withstand the strong strom.\n\n\n\n\n\n\n\n\n\nThe mask is stable enough to withstand the strong storm.\n\n\n\n\n\n\n\nThe mask is enstable enough to withstand the strong storm.\n\n\n\n\n\n\n\nThe mask is stable enough to enstable the strong storm.',
    end_time: 1484384744025,
    uid: 'bynyhysc2jhqib21ypno3ounim3xupa3njyb20ql' },
  { _id: 5865aff2e263070a88c31ed3,
    word: 'Attendance ',
    describe: 'The attendance is compulsory for this conference.\n\n\n\n\nThe attendance is compulsory for the conference.',
    end_time: 1484389223959,
    uid: 'bynyhysc2jhqib21ypno3ounim3xupa3njyb20ql' },
  { _id: 5860e087e263070a88c31eb6,
    word: 'Accustomed',
    describe: 'He got accustomed to the food after 10 years of living here.\n\n习惯的\nHe got accustomed to the food after 10 years of living here.\n\n\nHe got accustomed to the food after 10 years of living here.\n\n\nHe got accustomed to the food after 10 years of living here.\n\n\n\n\n\n\n\n',
    end_time: 1484475865797,
    uid: 'bynyhysc2jhqib21ypno3ounim3xupa3njyb20ql' },
  { _id: 58590918b019c81c7e2e7a1c,
    word: 'attendance',
    describe: 'It is attendance compulsory for this conference.',
    end_time: 1484519278411,
    uid: 'bynyhysc2jhqib21ypno3ounim3xupa3njyb20ql' },
  { _id: 585dfbf4c5a41f1b5faca5fb,
    word: 'cited',
    describe: 'He cited a sentence said by the chairman to start his speech.\n\n\n\n\n\n\n\n\n\nHe cited a sentence said by the chairman to start his speech.',
    end_time: 1484535325626,
    uid: 'bynyhysc2jhqib21ypno3ounim3xupa3njyb20ql' },
  { _id: 5868db2ae263070a88c31ed7,
    word: 'Fluctuate',
    describe: 'The value fluctuate up and down.\n\n\n\n\n\n\n\n\n\n\nThe value fluctuate up and down.',
    end_time: 1484537594688,
    uid: 'bynyhysc2jhqib21ypno3ounim3xupa3njyb20ql' },
  { _id: 58626cf6e263070a88c31ec4,
    word: 'Detection',
    describe: 'Good eyes are required for detection of tiny object .',
    end_time: 1484562094243,
    uid: 'bynyhysc2jhqib21ypno3ounim3xupa3njyb20ql' },
  { _id: 586ec9b7c0b3641f91b2c43e,
    word: 'Reward',
    describe: 'Lord bao receives a gift in reward for his hard work.\n\n\n\n\n\n\n\n\n\nLord bao receives a gift in reward for his hard work.',
    end_time: 1484622236243,
    uid: 'bynyhysc2jhqib21ypno3ounim3xupa3njyb20ql' },
  { _id: 586144cae263070a88c31ebc,
    word: 'Fluctuate',
    describe: 'The value fluctuates up and down\n\n\n\n\n\n\n\n\n\nThe value fluctuate up and down.',
    end_time: 1484708015586,
    uid: 'bynyhysc2jhqib21ypno3ounim3xupa3njyb20ql' },
  { _id: 5866aebde263070a88c31ed6,
    word: 'Crimes ',
    describe: 'Those who commit crimes must be severely punished.\n\n\nThose who commit crimes must be severely  punished.',
    end_time: 1484821266971,
    uid: 'bynyhysc2jhqib21ypno3ounim3xupa3njyb20ql' },
  { _id: 586ec3b6c0b3641f91b2c43b,
    word: 'commitment',
    describe: 'They make a commitment to each other at their wedding ceremony.',
    end_time: 1486635576572,
    uid: 'bynyhysc2jhqib21ypno3ounim3xupa3njyb20ql' },
  { _id: 585f629ac5a41f1b5faca601,
    word: 'Cannon',
    describe: 'The old cannon was used in many battles.',
    end_time: 1487443970161,
    uid: 'bynyhysc2jhqib21ypno3ounim3xupa3njyb20ql' },
  { _id: 5865454be263070a88c31ed1,
    word: 'Purity',
    describe: 'White roses are a symbol of purity.',
    end_time: 1488207631548,
    uid: 'bynyhysc2jhqib21ypno3ounim3xupa3njyb20ql' },
  { _id: 58629696e263070a88c31ec7,
    word: 'cannon',
    describe: 'The old cannon was used in many bettles.',
    end_time: 1489601521100,
    uid: 'bynyhysc2jhqib21ypno3ounim3xupa3njyb20ql' },
  { _id: 586295d4e263070a88c31ec5,
    word: 'detection',
    describe: 'Good eyes is required for detection of tiny object.',
    end_time: 1489832235047,
    uid: 'bynyhysc2jhqib21ypno3ounim3xupa3njyb20ql' },
  { _id: 58629654e263070a88c31ec6,
    word: 'haul',
    describe: 'The women hauled her  drunk husband home.',
    end_time: 1489849648743,
    uid: 'bynyhysc2jhqib21ypno3ounim3xupa3njyb20ql' },
  { _id: 5861449ee263070a88c31ebb,
    word: 'Fluctuate',
    describe: 'The value fluctuate up and down.',
    end_time: 1489918638075,
    uid: 'bynyhysc2jhqib21ypno3ounim3xupa3njyb20ql' },
  { _id: 5860e4b9e263070a88c31eb7,
    word: 'flare',
    describe: 'The candles flared in the darkness.',
    end_time: 1489918822252,
    uid: 'bynyhysc2jhqib21ypno3ounim3xupa3njyb20ql' },
  { _id: 58629923e263070a88c31ec9,
    word: 'Commitment',
    describe: 'They make a commitment to each other at their wedding ceremony.\n\n\n\n\n\n\n\n\n\nThey make a commitment to each other at their wedding ceremony.',
    end_time: 1490523362291,
    uid: 'bynyhysc2jhqib21ypno3ounim3xupa3njyb20ql' },
  { _id: 586299b1e263070a88c31eca,
    word: 'purity',
    describe: 'White roses are a symbol of purity.',
    end_time: 1491128127889,
    uid: 'bynyhysc2jhqib21ypno3ounim3xupa3njyb20ql' },
  { _id: 5865ae93e263070a88c31ed2,
    word: 'Sensor',
    describe: 'The car sensor will warn you if your car is going to hit something.\n\n\n\n\n\n\n\n\n\nThe car sensor will warn you if your cat is going to hit something.',
    end_time: 1491992119904,
    uid: 'bynyhysc2jhqib21ypno3ounim3xupa3njyb20ql' },
  { _id: 58611821e263070a88c31eba,
    word: 'Instrumental',
    describe: 'Their only play instrumental music.their band doesn\'t have a singer.',
    end_time: 1492452690530,
    uid: 'bynyhysc2jhqib21ypno3ounim3xupa3njyb20ql' },
  { _id: 58587e4db019c81c7e2e7a1a,
    word: 'Inevitable',
    describe: '',
    end_time: 2346154838920,
    uid: 'bynyhysc2jhqib21ypno3ounim3xupa3njyb20ql' },
  { _id: 58605a584e0e9e0548c08c69,
    word: 'Magnet',
    describe: 'The magnet is threat to ironman.',
    end_time: 2346754130081,
    uid: 'bynyhysc2jhqib21ypno3ounim3xupa3njyb20ql' },
  { _id: 586633d7e263070a88c31ed4,
    word: 'Belt',
    describe: 'The size of belt is adjustable.',
    end_time: 2347001590397,
    uid: 'bynyhysc2jhqib21ypno3ounim3xupa3njyb20ql' },
  { _id: 58626c93e263070a88c31ec3,
    word: 'detection',
    describe: 'Good eyes is required for detection of tiny object.',
    end_time: 2347032414894,
    uid: 'bynyhysc2jhqib21ypno3ounim3xupa3njyb20ql' },
  { _id: 5860da5ce263070a88c31eb4,
    word: 'sufficient',
    describe: 'i have prepared sufficient pancakes to my daughter.',
    end_time: 2347032453155,
    uid: 'bynyhysc2jhqib21ypno3ounim3xupa3njyb20ql' },
  { _id: 5866acece263070a88c31ed5,
    word: 'Magnet ',
    describe: 'The magnet is a theat for iron man.',
    end_time: 2347032556824,
    uid: 'bynyhysc2jhqib21ypno3ounim3xupa3njyb20ql' },
  { _id: 585f6de6c5a41f1b5faca602,
    word: 'Crimes',
    describe: 'Those who commit crimes must be servrely punished.',
    end_time: 2347033026250,
    uid: 'bynyhysc2jhqib21ypno3ounim3xupa3njyb20ql' },
  { _id: 585f5fccc5a41f1b5faca600,
    word: 'Hail',
    describe: 'The women hauled her drunk husband home.',
    end_time: 2347073286429,
    uid: 'bynyhysc2jhqib21ypno3ounim3xupa3njyb20ql' },
  { _id: 5860dadde263070a88c31eb5,
    word: 'vacant',
    describe: 'The apartment is vacant you can move in any time you want\n\nThe apartment is vanct,so you can move in any time you want.',
    end_time: 2347151474061,
    uid: 'bynyhysc2jhqib21ypno3ounim3xupa3njyb20ql' },
  { _id: 585f47f8c5a41f1b5faca5ff,
    word: 'Indignant',
    describe: 'He was indignant when i told his he\'s been laid off.',
    end_time: 2347151500329,
    uid: 'bynyhysc2jhqib21ypno3ounim3xupa3njyb20ql' },
  { _id: 585ec9edc5a41f1b5faca5fd,
    word: 'Decisive',
    describe: 'He make a decisive shot to help team win at last moment.',
    end_time: 2347153413264,
    uid: 'bynyhysc2jhqib21ypno3ounim3xupa3njyb20ql' },
  { _id: 585ec971c5a41f1b5faca5fc,
    word: 'Clerk',
    describe: 'You forget your goods!the clerk said to customer.',
    end_time: 2347153428465,
    uid: 'bynyhysc2jhqib21ypno3ounim3xupa3njyb20ql' },
  { _id: 5860f048e263070a88c31eb8,
    word: 'instrumental',
    describe: 'Their only play instrumental music.their bond does\'s singer.\n\n\n\n\n\n\n\n\n\nTheir only play instrumental music.their band doesn\'t have singer.',
    end_time: 2347175646295,
    uid: 'bynyhysc2jhqib21ypno3ounim3xupa3njyb20ql' },
  { _id: 58587da6b019c81c7e2e7a19,
    word: 'ineviable',
    describe: '不可避免的\nit is inevitable for people to get old.',
    end_time: 2347184384287,
    uid: 'bynyhysc2jhqib21ypno3ounim3xupa3njyb20ql' },
  { _id: 585cfc34e45f0432780b76e2,
    word: 'adjoin',
    describe: 'Our two rooms adjoin toughter,we are neighbor now.',
    end_time: 2347238572217,
    uid: 'bynyhysc2jhqib21ypno3ounim3xupa3njyb20ql' },
  { _id: 585cfd52e45f0432780b76e3,
    word: 'Adjoin',
    describe: 'Our two rooms adjoin together ,so you are my neighbor now.',
    end_time: 2347290854370,
    uid: 'bynyhysc2jhqib21ypno3ounim3xupa3njyb20ql' },
  { _id: 586309f6e263070a88c31ecc,
    word: 'Tenant',
    describe: 'We showed the new tenants around the apartment.',
    end_time: 2347312429563,
    uid: 'bynyhysc2jhqib21ypno3ounim3xupa3njyb20ql' },
  { _id: 58605ab24e0e9e0548c08c6a,
    word: 'Magnet',
    describe: 'The magnet is a threat to iron man.',
    end_time: 2347344206740,
    uid: 'bynyhysc2jhqib21ypno3ounim3xupa3njyb20ql' },
  { _id: 586b6e49e263070a88c31eda,
    word: 'Magnet ',
    describe: 'The magnet is theat to ironman.',
    end_time: 2347344208727,
    uid: 'bynyhysc2jhqib21ypno3ounim3xupa3njyb20ql' },
  { _id: 585a591fe45f0432780b76db,
    word: 'sensor',
    describe: 'The car sensor will warn you if your car is going to hit something.',
    end_time: 2347411864495,
    uid: 'bynyhysc2jhqib21ypno3ounim3xupa3njyb20ql' },
  { _id: 585eca2ec5a41f1b5faca5fe,
    word: 'Decisive',
    describe: 'He make a decisive shot to help the team win at the last moment.\n\n\n\n\nHe make a decisive shot to help the team win at the last moment.\n\n\nHe make a decisive shot to help the team win at the last moment.\n\n\n\n\n\n',
    end_time: 2347520658015,
    uid: 'bynyhysc2jhqib21ypno3ounim3xupa3njyb20ql' },
  { _id: 586544cde263070a88c31ed0,
    word: 'commitment',
    describe: 'They make a commitment to each other at their wedding ceremony.',
    end_time: 2347562598722,
    uid: 'bynyhysc2jhqib21ypno3ounim3xupa3njyb20ql' },
  { _id: 586ec4c5c0b3641f91b2c43c,
    word: 'Detection ',
    describe: 'Good eyes is required for detection of tiny object.',
    end_time: 2347562950352,
    uid: 'bynyhysc2jhqib21ypno3ounim3xupa3njyb20ql' },
  { _id: 586ec670c0b3641f91b2c43d,
    word: 'Guarantee',
    describe: 'Use bachizhan guarantee that you will pass you english exam.',
    end_time: 2347563389974,
    uid: 'bynyhysc2jhqib21ypno3ounim3xupa3njyb20ql' },
  { _id: 58610edae263070a88c31eb9,
    word: 'The candles flared in the darkness.',
    describe: '',
    end_time: 2347894158351,
    uid: 'bynyhysc2jhqib21ypno3ounim3xupa3njyb20ql' } ]

  TypeError: Cannot read property 'Symbol(Symbol.iterator)' of undefined
      at Object.serve (/root/github/BeiDanChi/node_modules/koa-static/index.js:43:14)
      at serve.next (<anonymous>)
      at onFulfilled (/root/github/BeiDanChi/node_modules/co/index.js:65:19)


  TypeError: Cannot read property 'Symbol(Symbol.iterator)' of undefined
      at Object.serve (/root/github/BeiDanChi/node_modules/koa-static/index.js:43:14)
      at serve.next (<anonymous>)
      at onFulfilled (/root/github/BeiDanChi/node_modules/co/index.js:65:19)


  TypeError: Cannot read property 'Symbol(Symbol.iterator)' of undefined
      at Object.serve (/root/github/BeiDanChi/node_modules/koa-static/index.js:43:14)
      at serve.next (<anonymous>)
      at onFulfilled (/root/github/BeiDanChi/node_modules/co/index.js:65:19)


  TypeError: Cannot read property 'Symbol(Symbol.iterator)' of undefined
      at Object.serve (/root/github/BeiDanChi/node_modules/koa-static/index.js:43:14)
      at serve.next (<anonymous>)
      at onFulfilled (/root/github/BeiDanChi/node_modules/co/index.js:65:19)


  TypeError: Cannot read property 'Symbol(Symbol.iterator)' of undefined
      at Object.serve (/root/github/BeiDanChi/node_modules/koa-static/index.js:43:14)
      at serve.next (<anonymous>)
      at onFulfilled (/root/github/BeiDanChi/node_modules/co/index.js:65:19)


  TypeError: Cannot read property 'Symbol(Symbol.iterator)' of undefined
      at Object.serve (/root/github/BeiDanChi/node_modules/koa-static/index.js:43:14)
      at serve.next (<anonymous>)
      at onFulfilled (/root/github/BeiDanChi/node_modules/co/index.js:65:19)


  TypeError: Cannot read property 'Symbol(Symbol.iterator)' of undefined
      at Object.serve (/root/github/BeiDanChi/node_modules/koa-static/index.js:43:14)
      at serve.next (<anonymous>)
      at onFulfilled (/root/github/BeiDanChi/node_modules/co/index.js:65:19)


  TypeError: Cannot read property 'Symbol(Symbol.iterator)' of undefined
      at Object.serve (/root/github/BeiDanChi/node_modules/koa-static/index.js:43:14)
      at serve.next (<anonymous>)
      at onFulfilled (/root/github/BeiDanChi/node_modules/co/index.js:65:19)


  TypeError: Cannot read property 'Symbol(Symbol.iterator)' of undefined
      at Object.serve (/root/github/BeiDanChi/node_modules/koa-static/index.js:43:14)
      at serve.next (<anonymous>)
      at onFulfilled (/root/github/BeiDanChi/node_modules/co/index.js:65:19)


  TypeError: Cannot read property 'Symbol(Symbol.iterator)' of undefined
      at Object.serve (/root/github/BeiDanChi/node_modules/koa-static/index.js:43:14)
      at serve.next (<anonymous>)
      at onFulfilled (/root/github/BeiDanChi/node_modules/co/index.js:65:19)

listening on port 80
listen serve on port 8081

  TypeError: Cannot read property 'Symbol(Symbol.iterator)' of undefined
      at Object.serve (/root/github/BeiDanChi/node_modules/koa-static/index.js:43:14)
      at serve.next (<anonymous>)
      at onFulfilled (/root/github/BeiDanChi/node_modules/co/index.js:65:19)


  TypeError: Cannot read property 'Symbol(Symbol.iterator)' of undefined
      at Object.serve (/root/github/BeiDanChi/node_modules/koa-static/index.js:43:14)
      at serve.next (<anonymous>)
      at onFulfilled (/root/github/BeiDanChi/node_modules/co/index.js:65:19)


  TypeError: Cannot read property 'Symbol(Symbol.iterator)' of undefined
      at Object.serve (/root/github/BeiDanChi/node_modules/koa-static/index.js:43:14)
      at serve.next (<anonymous>)
      at onFulfilled (/root/github/BeiDanChi/node_modules/co/index.js:65:19)


  TypeError: Cannot read property 'Symbol(Symbol.iterator)' of undefined
      at Object.serve (/root/github/BeiDanChi/node_modules/koa-static/index.js:43:14)
      at serve.next (<anonymous>)
      at onFulfilled (/root/github/BeiDanChi/node_modules/co/index.js:65:19)

Error: {"STATUSCODE":104,"MSG":"未登录"}
    at throwError (/root/github/BeiDanChi/serve/error.js:9:11)
    at Object.plugin (/root/github/BeiDanChi/serve/module/login.js:207:13)
    at plugin.next (<anonymous>)
    at Object.dispatch (/root/github/BeiDanChi/node_modules/koa-router/lib/router.js:336:14)
    at dispatch.next (<anonymous>)
    at onFulfilled (/root/github/BeiDanChi/node_modules/co/index.js:65:19)
    at process._tickCallback (internal/process/next_tick.js:103:7)
listening on port 80
listen serve on port 8081
ReadStream {
  _readableState: 
   ReadableState {
     objectMode: false,
     highWaterMark: 65536,
     buffer: BufferList { head: null, tail: null, length: 0 },
     length: 0,
     pipes: null,
     pipesCount: 0,
     flowing: null,
     ended: false,
     endEmitted: false,
     reading: false,
     sync: true,
     needReadable: false,
     emittedReadable: false,
     readableListening: false,
     resumeScheduled: false,
     defaultEncoding: 'utf8',
     ranOut: false,
     awaitDrain: 0,
     readingMore: false,
     decoder: null,
     encoding: null },
  readable: true,
  domain: null,
  _events: { end: [Function], error: [Function: bound onerror] },
  _eventsCount: 2,
  _maxListeners: undefined,
  path: '/root/github/BeiDanChi/dist/index.html',
  fd: null,
  flags: 'r',
  mode: 438,
  start: undefined,
  end: undefined,
  autoClose: true,
  pos: undefined,
  bytesRead: 0 }
ReadStream {
  _readableState: 
   ReadableState {
     objectMode: false,
     highWaterMark: 65536,
     buffer: BufferList { head: null, tail: null, length: 0 },
     length: 0,
     pipes: null,
     pipesCount: 0,
     flowing: null,
     ended: false,
     endEmitted: false,
     reading: false,
     sync: true,
     needReadable: false,
     emittedReadable: false,
     readableListening: false,
     resumeScheduled: false,
     defaultEncoding: 'utf8',
     ranOut: false,
     awaitDrain: 0,
     readingMore: false,
     decoder: null,
     encoding: null },
  readable: true,
  domain: null,
  _events: { end: [Function], error: [Function: bound onerror] },
  _eventsCount: 2,
  _maxListeners: undefined,
  path: '/root/github/BeiDanChi/dist/static/css/app.edda208532a3528b6f3e48947de980e5.css',
  fd: null,
  flags: 'r',
  mode: 438,
  start: undefined,
  end: undefined,
  autoClose: true,
  pos: undefined,
  bytesRead: 0 }
ReadStream {
  _readableState: 
   ReadableState {
     objectMode: false,
     highWaterMark: 65536,
     buffer: BufferList { head: null, tail: null, length: 0 },
     length: 0,
     pipes: null,
     pipesCount: 0,
     flowing: null,
     ended: false,
     endEmitted: false,
     reading: false,
     sync: true,
     needReadable: false,
     emittedReadable: false,
     readableListening: false,
     resumeScheduled: false,
     defaultEncoding: 'utf8',
     ranOut: false,
     awaitDrain: 0,
     readingMore: false,
     decoder: null,
     encoding: null },
  readable: true,
  domain: null,
  _events: { end: [Function], error: [Function: bound onerror] },
  _eventsCount: 2,
  _maxListeners: undefined,
  path: '/root/github/BeiDanChi/dist/static/js/manifest.da559b43231024408520.js',
  fd: null,
  flags: 'r',
  mode: 438,
  start: undefined,
  end: undefined,
  autoClose: true,
  pos: undefined,
  bytesRead: 0 }
ReadStream {
  _readableState: 
   ReadableState {
     objectMode: false,
     highWaterMark: 65536,
     buffer: BufferList { head: null, tail: null, length: 0 },
     length: 0,
     pipes: null,
     pipesCount: 0,
     flowing: null,
     ended: false,
     endEmitted: false,
     reading: false,
     sync: true,
     needReadable: false,
     emittedReadable: false,
     readableListening: false,
     resumeScheduled: false,
     defaultEncoding: 'utf8',
     ranOut: false,
     awaitDrain: 0,
     readingMore: false,
     decoder: null,
     encoding: null },
  readable: true,
  domain: null,
  _events: { end: [Function], error: [Function: bound onerror] },
  _eventsCount: 2,
  _maxListeners: undefined,
  path: '/root/github/BeiDanChi/dist/static/js/vendor.9fe427e95f5019ebac7a.js',
  fd: null,
  flags: 'r',
  mode: 438,
  start: undefined,
  end: undefined,
  autoClose: true,
  pos: undefined,
  bytesRead: 0 }
ReadStream {
  _readableState: 
   ReadableState {
     objectMode: false,
     highWaterMark: 65536,
     buffer: BufferList { head: null, tail: null, length: 0 },
     length: 0,
     pipes: null,
     pipesCount: 0,
     flowing: null,
     ended: false,
     endEmitted: false,
     reading: false,
     sync: true,
     needReadable: false,
     emittedReadable: false,
     readableListening: false,
     resumeScheduled: false,
     defaultEncoding: 'utf8',
     ranOut: false,
     awaitDrain: 0,
     readingMore: false,
     decoder: null,
     encoding: null },
  readable: true,
  domain: null,
  _events: { end: [Function], error: [Function: bound onerror] },
  _eventsCount: 2,
  _maxListeners: undefined,
  path: '/root/github/BeiDanChi/dist/static/js/app.7938afee81e1e24d36d1.js',
  fd: null,
  flags: 'r',
  mode: 438,
  start: undefined,
  end: undefined,
  autoClose: true,
  pos: undefined,
  bytesRead: 0 }
ReadStream {
  _readableState: 
   ReadableState {
     objectMode: false,
     highWaterMark: 65536,
     buffer: BufferList { head: null, tail: null, length: 0 },
     length: 0,
     pipes: null,
     pipesCount: 0,
     flowing: null,
     ended: false,
     endEmitted: false,
     reading: false,
     sync: true,
     needReadable: false,
     emittedReadable: false,
     readableListening: false,
     resumeScheduled: false,
     defaultEncoding: 'utf8',
     ranOut: false,
     awaitDrain: 0,
     readingMore: false,
     decoder: null,
     encoding: null },
  readable: true,
  domain: null,
  _events: { end: [Function], error: [Function: bound onerror] },
  _eventsCount: 2,
  _maxListeners: undefined,
  path: '/root/github/BeiDanChi/dist/static/css/app.edda208532a3528b6f3e48947de980e5.css.map',
  fd: null,
  flags: 'r',
  mode: 438,
  start: undefined,
  end: undefined,
  autoClose: true,
  pos: undefined,
  bytesRead: 0 }
ReadStream {
  _readableState: 
   ReadableState {
     objectMode: false,
     highWaterMark: 65536,
     buffer: BufferList { head: null, tail: null, length: 0 },
     length: 0,
     pipes: null,
     pipesCount: 0,
     flowing: null,
     ended: false,
     endEmitted: false,
     reading: false,
     sync: true,
     needReadable: false,
     emittedReadable: false,
     readableListening: false,
     resumeScheduled: false,
     defaultEncoding: 'utf8',
     ranOut: false,
     awaitDrain: 0,
     readingMore: false,
     decoder: null,
     encoding: null },
  readable: true,
  domain: null,
  _events: { end: [Function], error: [Function: bound onerror] },
  _eventsCount: 2,
  _maxListeners: undefined,
  path: '/root/github/BeiDanChi/dist/static/js/manifest.da559b43231024408520.js.map',
  fd: null,
  flags: 'r',
  mode: 438,
  start: undefined,
  end: undefined,
  autoClose: true,
  pos: undefined,
  bytesRead: 0 }

  TypeError: Cannot read property 'Symbol(Symbol.iterator)' of undefined
      at Object.serve (/root/github/BeiDanChi/node_modules/koa-static/index.js:43:14)
      at serve.next (<anonymous>)
      at onFulfilled (/root/github/BeiDanChi/node_modules/co/index.js:65:19)


  TypeError: Cannot read property 'Symbol(Symbol.iterator)' of undefined
      at Object.serve (/root/github/BeiDanChi/node_modules/koa-static/index.js:43:14)
      at serve.next (<anonymous>)
      at onFulfilled (/root/github/BeiDanChi/node_modules/co/index.js:65:19)

ReadStream {
  _readableState: 
   ReadableState {
     objectMode: false,
     highWaterMark: 65536,
     buffer: BufferList { head: null, tail: null, length: 0 },
     length: 0,
     pipes: null,
     pipesCount: 0,
     flowing: null,
     ended: false,
     endEmitted: false,
     reading: false,
     sync: true,
     needReadable: false,
     emittedReadable: false,
     readableListening: false,
     resumeScheduled: false,
     defaultEncoding: 'utf8',
     ranOut: false,
     awaitDrain: 0,
     readingMore: false,
     decoder: null,
     encoding: null },
  readable: true,
  domain: null,
  _events: { end: [Function], error: [Function: bound onerror] },
  _eventsCount: 2,
  _maxListeners: undefined,
  path: '/root/github/BeiDanChi/dist/static/js/app.7938afee81e1e24d36d1.js.map',
  fd: null,
  flags: 'r',
  mode: 438,
  start: undefined,
  end: undefined,
  autoClose: true,
  pos: undefined,
  bytesRead: 0 }
ReadStream {
  _readableState: 
   ReadableState {
     objectMode: false,
     highWaterMark: 65536,
     buffer: BufferList { head: null, tail: null, length: 0 },
     length: 0,
     pipes: null,
     pipesCount: 0,
     flowing: null,
     ended: false,
     endEmitted: false,
     reading: false,
     sync: true,
     needReadable: false,
     emittedReadable: false,
     readableListening: false,
     resumeScheduled: false,
     defaultEncoding: 'utf8',
     ranOut: false,
     awaitDrain: 0,
     readingMore: false,
     decoder: null,
     encoding: null },
  readable: true,
  domain: null,
  _events: { end: [Function], error: [Function: bound onerror] },
  _eventsCount: 2,
  _maxListeners: undefined,
  path: '/root/github/BeiDanChi/dist/static/js/vendor.9fe427e95f5019ebac7a.js.map',
  fd: null,
  flags: 'r',
  mode: 438,
  start: undefined,
  end: undefined,
  autoClose: true,
  pos: undefined,
  bytesRead: 0 }
/word/list： [ { _id: 586af22be263070a88c31ed9,
    word: 'Tenant',
    describe: 'We showed the new tenants around the apartment.',
    end_time: 1484108048428,
    uid: 'bynyhysc2jhqib21ypno3ounim3xupa3njyb20ql' },
  { _id: 58629752e263070a88c31ec8,
    word: 'crime',
    describe: 'Those who commit crimes must be severely punished.',
    end_time: 1484193948457,
    uid: 'bynyhysc2jhqib21ypno3ounim3xupa3njyb20ql' },
  { _id: 586067d04e0e9e0548c08c6d,
    word: 'Vacant',
    describe: 'The apartment is vacant.you can move in any time you want.\n\n\nThe apartment is vacant,you can move in any time you want.',
    end_time: 1484043827305,
    uid: 'bynyhysc2jhqib21ypno3ounim3xupa3njyb20ql' },
  { _id: 58605b9b4e0e9e0548c08c6b,
    word: 'Sufficient',
    describe: 'I have prepared sufficient pancakes for my daughter.',
    end_time: 1483987849716,
    uid: 'bynyhysc2jhqib21ypno3ounim3xupa3njyb20ql' },
  { _id: 585f6f38c5a41f1b5faca603,
    word: 'adjustable',
    describe: 'The size of the belt is adjustable.',
    end_time: 1484108051546,
    uid: 'bynyhysc2jhqib21ypno3ounim3xupa3njyb20ql' },
  { _id: 585cfe9be45f0432780b76e4,
    word: 'Junk',
    describe: 'I don\'t need any of this junk.',
    end_time: 1484108053530,
    uid: 'bynyhysc2jhqib21ypno3ounim3xupa3njyb20ql' },
  { _id: 585baba9e45f0432780b76e1,
    word: 'The dog dispose the cat for licking her ass.',
    describe: '',
    end_time: 1483849626784,
    uid: 'bynyhysc2jhqib21ypno3ounim3xupa3njyb20ql' },
  { _id: 585b22c3e45f0432780b76e0,
    word: 'Attendance',
    describe: 'The attendance is  compulsory for this conference.',
    end_time: 1484021203805,
    uid: 'bynyhysc2jhqib21ypno3ounim3xupa3njyb20ql' },
  { _id: 585b21bfe45f0432780b76df,
    word: 'entitle',
    describe: 'Only invited wedding guests are entitled to sit here.',
    end_time: 1484021088779,
    uid: 'bynyhysc2jhqib21ypno3ounim3xupa3njyb20ql' },
  { _id: 585a5ceae45f0432780b76dd,
    word: 'Entitle',
    describe: 'Only invited wedding guests are entitle to sit here.',
    end_time: 1483967928674,
    uid: 'bynyhysc2jhqib21ypno3ounim3xupa3njyb20ql' },
  { _id: 585a591fe45f0432780b76dc,
    word: 'sensor',
    describe: 'The car sensor will warn you if your car is going to hit something.',
    end_time: 1484131051432,
    uid: 'bynyhysc2jhqib21ypno3ounim3xupa3njyb20ql' },
  { _id: 585a5840e45f0432780b76da,
    word: 'innovation',
    describe: 'The age of innovation is upon us！',
    end_time: 1484107480674,
    uid: 'bynyhysc2jhqib21ypno3ounim3xupa3njyb20ql' },
  { _id: 585a064be45f0432780b76d5,
    word: 'innovation',
    describe: 'The age of innovation is upon us.hurry up with my dinner.',
    end_time: 1483966948568,
    uid: 'bynyhysc2jhqib21ypno3ounim3xupa3njyb20ql' },
  { _id: 5859f879e45f0432780b76d4,
    word: 'mental',
    describe: 'He takes pills as candy out of his mental sickness.\n\n\nHe takes pills as candy out of his mental sickness.\n\nadj. 精神的，心理的,思想的\n',
    end_time: 1483761895796,
    uid: 'bynyhysc2jhqib21ypno3ounim3xupa3njyb20ql' },
  { _id: 5859f615e45f0432780b76d3,
    word: 'guarantee',
    describe: 'Use Baicizhan guarantees that you will pass your English exam。\n\nUsing Baicizhan guarantees that you will pass your English exams。\n\nv.保证,担保\nn.担保,保留单',
    end_time: 1484000389383,
    uid: 'bynyhysc2jhqib21ypno3ounim3xupa3njyb20ql' },
  { _id: 585948ab176f801d51e7136c,
    word: 'attendance',
    describe: 'the attendance is compulsore for this conference.',
    end_time: 1483847745222,
    uid: 'bynyhysc2jhqib21ypno3ounim3xupa3njyb20ql' },
  { _id: 5859052fb019c81c7e2e7a1b,
    word: 'domestic',
    describe: 'I\'m a big fan of domestic products\n国货',
    end_time: 1483881431477,
    uid: 'bynyhysc2jhqib21ypno3ounim3xupa3njyb20ql' } ]

  TypeError: Cannot read property 'Symbol(Symbol.iterator)' of undefined
      at Object.serve (/root/github/BeiDanChi/node_modules/koa-static/index.js:43:14)
      at serve.next (<anonymous>)
      at onFulfilled (/root/github/BeiDanChi/node_modules/co/index.js:65:19)


  TypeError: Cannot read property 'Symbol(Symbol.iterator)' of undefined
      at Object.serve (/root/github/BeiDanChi/node_modules/koa-static/index.js:43:14)
      at serve.next (<anonymous>)
      at onFulfilled (/root/github/BeiDanChi/node_modules/co/index.js:65:19)

/word/list： [ { _id: 586af22be263070a88c31ed9,
    word: 'Tenant',
    describe: 'We showed the new tenants around the apartment.',
    end_time: 1484108048428,
    uid: 'bynyhysc2jhqib21ypno3ounim3xupa3njyb20ql' },
  { _id: 58629752e263070a88c31ec8,
    word: 'crime',
    describe: 'Those who commit crimes must be severely punished.',
    end_time: 1484193948457,
    uid: 'bynyhysc2jhqib21ypno3ounim3xupa3njyb20ql' },
  { _id: 586067d04e0e9e0548c08c6d,
    word: 'Vacant',
    describe: 'The apartment is vacant.you can move in any time you want.\n\n\nThe apartment is vacant,you can move in any time you want.',
    end_time: 1484043827305,
    uid: 'bynyhysc2jhqib21ypno3ounim3xupa3njyb20ql' },
  { _id: 58605b9b4e0e9e0548c08c6b,
    word: 'Sufficient',
    describe: 'I have prepared sufficient pancakes for my daughter.',
    end_time: 1483987849716,
    uid: 'bynyhysc2jhqib21ypno3ounim3xupa3njyb20ql' },
  { _id: 585f6f38c5a41f1b5faca603,
    word: 'adjustable',
    describe: 'The size of the belt is adjustable.',
    end_time: 1484108051546,
    uid: 'bynyhysc2jhqib21ypno3ounim3xupa3njyb20ql' },
  { _id: 585cfe9be45f0432780b76e4,
    word: 'Junk',
    describe: 'I don\'t need any of this junk.',
    end_time: 1484108053530,
    uid: 'bynyhysc2jhqib21ypno3ounim3xupa3njyb20ql' },
  { _id: 585baba9e45f0432780b76e1,
    word: 'The dog dispose the cat for licking her ass.',
    describe: '',
    end_time: 1483849626784,
    uid: 'bynyhysc2jhqib21ypno3ounim3xupa3njyb20ql' },
  { _id: 585b22c3e45f0432780b76e0,
    word: 'Attendance',
    describe: 'The attendance is  compulsory for this conference.',
    end_time: 1484021203805,
    uid: 'bynyhysc2jhqib21ypno3ounim3xupa3njyb20ql' },
  { _id: 585b21bfe45f0432780b76df,
    word: 'entitle',
    describe: 'Only invited wedding guests are entitled to sit here.',
    end_time: 1484021088779,
    uid: 'bynyhysc2jhqib21ypno3ounim3xupa3njyb20ql' },
  { _id: 585a5ceae45f0432780b76dd,
    word: 'Entitle',
    describe: 'Only invited wedding guests are entitle to sit here.',
    end_time: 1483967928674,
    uid: 'bynyhysc2jhqib21ypno3ounim3xupa3njyb20ql' },
  { _id: 585a591fe45f0432780b76dc,
    word: 'sensor',
    describe: 'The car sensor will warn you if your car is going to hit something.',
    end_time: 1484131051432,
    uid: 'bynyhysc2jhqib21ypno3ounim3xupa3njyb20ql' },
  { _id: 585a5840e45f0432780b76da,
    word: 'innovation',
    describe: 'The age of innovation is upon us！',
    end_time: 1484107480674,
    uid: 'bynyhysc2jhqib21ypno3ounim3xupa3njyb20ql' },
  { _id: 585a064be45f0432780b76d5,
    word: 'innovation',
    describe: 'The age of innovation is upon us.hurry up with my dinner.',
    end_time: 1483966948568,
    uid: 'bynyhysc2jhqib21ypno3ounim3xupa3njyb20ql' },
  { _id: 5859f879e45f0432780b76d4,
    word: 'mental',
    describe: 'He takes pills as candy out of his mental sickness.\n\n\nHe takes pills as candy out of his mental sickness.\n\nadj. 精神的，心理的,思想的\n',
    end_time: 1483761895796,
    uid: 'bynyhysc2jhqib21ypno3ounim3xupa3njyb20ql' },
  { _id: 5859f615e45f0432780b76d3,
    word: 'guarantee',
    describe: 'Use Baicizhan guarantees that you will pass your English exam。\n\nUsing Baicizhan guarantees that you will pass your English exams。\n\nv.保证,担保\nn.担保,保留单',
    end_time: 1484000389383,
    uid: 'bynyhysc2jhqib21ypno3ounim3xupa3njyb20ql' },
  { _id: 585948ab176f801d51e7136c,
    word: 'attendance',
    describe: 'the attendance is compulsore for this conference.',
    end_time: 1483847745222,
    uid: 'bynyhysc2jhqib21ypno3ounim3xupa3njyb20ql' },
  { _id: 5859052fb019c81c7e2e7a1b,
    word: 'domestic',
    describe: 'I\'m a big fan of domestic products\n国货',
    end_time: 1483881431477,
    uid: 'bynyhysc2jhqib21ypno3ounim3xupa3njyb20ql' } ]

  TypeError: Cannot read property 'Symbol(Symbol.iterator)' of undefined
      at Object.serve (/root/github/BeiDanChi/node_modules/koa-static/index.js:43:14)
      at serve.next (<anonymous>)
      at onFulfilled (/root/github/BeiDanChi/node_modules/co/index.js:65:19)

/word/list： [ { _id: 586af22be263070a88c31ed9,
    word: 'Tenant',
    describe: 'We showed the new tenants around the apartment.',
    end_time: 1484108048428,
    uid: 'bynyhysc2jhqib21ypno3ounim3xupa3njyb20ql' },
  { _id: 58629752e263070a88c31ec8,
    word: 'crime',
    describe: 'Those who commit crimes must be severely punished.',
    end_time: 1484193948457,
    uid: 'bynyhysc2jhqib21ypno3ounim3xupa3njyb20ql' },
  { _id: 586067d04e0e9e0548c08c6d,
    word: 'Vacant',
    describe: 'The apartment is vacant.you can move in any time you want.\n\n\nThe apartment is vacant,you can move in any time you want.',
    end_time: 1484043827305,
    uid: 'bynyhysc2jhqib21ypno3ounim3xupa3njyb20ql' },
  { _id: 58605b9b4e0e9e0548c08c6b,
    word: 'Sufficient',
    describe: 'I have prepared sufficient pancakes for my daughter.',
    end_time: 1483987849716,
    uid: 'bynyhysc2jhqib21ypno3ounim3xupa3njyb20ql' },
  { _id: 585f6f38c5a41f1b5faca603,
    word: 'adjustable',
    describe: 'The size of the belt is adjustable.',
    end_time: 1484108051546,
    uid: 'bynyhysc2jhqib21ypno3ounim3xupa3njyb20ql' },
  { _id: 585cfe9be45f0432780b76e4,
    word: 'Junk',
    describe: 'I don\'t need any of this junk.',
    end_time: 1484108053530,
    uid: 'bynyhysc2jhqib21ypno3ounim3xupa3njyb20ql' },
  { _id: 585baba9e45f0432780b76e1,
    word: 'The dog dispose the cat for licking her ass.',
    describe: '',
    end_time: 1483849626784,
    uid: 'bynyhysc2jhqib21ypno3ounim3xupa3njyb20ql' },
  { _id: 585b22c3e45f0432780b76e0,
    word: 'Attendance',
    describe: 'The attendance is  compulsory for this conference.',
    end_time: 1484021203805,
    uid: 'bynyhysc2jhqib21ypno3ounim3xupa3njyb20ql' },
  { _id: 585b21bfe45f0432780b76df,
    word: 'entitle',
    describe: 'Only invited wedding guests are entitled to sit here.',
    end_time: 1484021088779,
    uid: 'bynyhysc2jhqib21ypno3ounim3xupa3njyb20ql' },
  { _id: 585a5ceae45f0432780b76dd,
    word: 'Entitle',
    describe: 'Only invited wedding guests are entitle to sit here.',
    end_time: 1483967928674,
    uid: 'bynyhysc2jhqib21ypno3ounim3xupa3njyb20ql' },
  { _id: 585a591fe45f0432780b76dc,
    word: 'sensor',
    describe: 'The car sensor will warn you if your car is going to hit something.',
    end_time: 1484131051432,
    uid: 'bynyhysc2jhqib21ypno3ounim3xupa3njyb20ql' },
  { _id: 585a5840e45f0432780b76da,
    word: 'innovation',
    describe: 'The age of innovation is upon us！',
    end_time: 1484107480674,
    uid: 'bynyhysc2jhqib21ypno3ounim3xupa3njyb20ql' },
  { _id: 585a064be45f0432780b76d5,
    word: 'innovation',
    describe: 'The age of innovation is upon us.hurry up with my dinner.',
    end_time: 1483966948568,
    uid: 'bynyhysc2jhqib21ypno3ounim3xupa3njyb20ql' },
  { _id: 5859f879e45f0432780b76d4,
    word: 'mental',
    describe: 'He takes pills as candy out of his mental sickness.\n\n\nHe takes pills as candy out of his mental sickness.\n\nadj. 精神的，心理的,思想的\n',
    end_time: 1483761895796,
    uid: 'bynyhysc2jhqib21ypno3ounim3xupa3njyb20ql' },
  { _id: 5859f615e45f0432780b76d3,
    word: 'guarantee',
    describe: 'Use Baicizhan guarantees that you will pass your English exam。\n\nUsing Baicizhan guarantees that you will pass your English exams。\n\nv.保证,担保\nn.担保,保留单',
    end_time: 1484000389383,
    uid: 'bynyhysc2jhqib21ypno3ounim3xupa3njyb20ql' },
  { _id: 585948ab176f801d51e7136c,
    word: 'attendance',
    describe: 'the attendance is compulsore for this conference.',
    end_time: 1483847745222,
    uid: 'bynyhysc2jhqib21ypno3ounim3xupa3njyb20ql' },
  { _id: 5859052fb019c81c7e2e7a1b,
    word: 'domestic',
    describe: 'I\'m a big fan of domestic products\n国货',
    end_time: 1483881431477,
    uid: 'bynyhysc2jhqib21ypno3ounim3xupa3njyb20ql' } ]
ReadStream {
  _readableState: 
   ReadableState {
     objectMode: false,
     highWaterMark: 65536,
     buffer: BufferList { head: null, tail: null, length: 0 },
     length: 0,
     pipes: null,
     pipesCount: 0,
     flowing: null,
     ended: false,
     endEmitted: false,
     reading: false,
     sync: true,
     needReadable: false,
     emittedReadable: false,
     readableListening: false,
     resumeScheduled: false,
     defaultEncoding: 'utf8',
     ranOut: false,
     awaitDrain: 0,
     readingMore: false,
     decoder: null,
     encoding: null },
  readable: true,
  domain: null,
  _events: { end: [Function], error: [Function: bound onerror] },
  _eventsCount: 2,
  _maxListeners: undefined,
  path: '/root/github/BeiDanChi/dist/index.html',
  fd: null,
  flags: 'r',
  mode: 438,
  start: undefined,
  end: undefined,
  autoClose: true,
  pos: undefined,
  bytesRead: 0 }
ReadStream {
  _readableState: 
   ReadableState {
     objectMode: false,
     highWaterMark: 65536,
     buffer: BufferList { head: null, tail: null, length: 0 },
     length: 0,
     pipes: null,
     pipesCount: 0,
     flowing: null,
     ended: false,
     endEmitted: false,
     reading: false,
     sync: true,
     needReadable: false,
     emittedReadable: false,
     readableListening: false,
     resumeScheduled: false,
     defaultEncoding: 'utf8',
     ranOut: false,
     awaitDrain: 0,
     readingMore: false,
     decoder: null,
     encoding: null },
  readable: true,
  domain: null,
  _events: { end: [Function], error: [Function: bound onerror] },
  _eventsCount: 2,
  _maxListeners: undefined,
  path: '/root/github/BeiDanChi/dist/static/css/app.edda208532a3528b6f3e48947de980e5.css',
  fd: null,
  flags: 'r',
  mode: 438,
  start: undefined,
  end: undefined,
  autoClose: true,
  pos: undefined,
  bytesRead: 0 }
ReadStream {
  _readableState: 
   ReadableState {
     objectMode: false,
     highWaterMark: 65536,
     buffer: BufferList { head: null, tail: null, length: 0 },
     length: 0,
     pipes: null,
     pipesCount: 0,
     flowing: null,
     ended: false,
     endEmitted: false,
     reading: false,
     sync: true,
     needReadable: false,
     emittedReadable: false,
     readableListening: false,
     resumeScheduled: false,
     defaultEncoding: 'utf8',
     ranOut: false,
     awaitDrain: 0,
     readingMore: false,
     decoder: null,
     encoding: null },
  readable: true,
  domain: null,
  _events: { end: [Function], error: [Function: bound onerror] },
  _eventsCount: 2,
  _maxListeners: undefined,
  path: '/root/github/BeiDanChi/dist/static/js/manifest.da559b43231024408520.js',
  fd: null,
  flags: 'r',
  mode: 438,
  start: undefined,
  end: undefined,
  autoClose: true,
  pos: undefined,
  bytesRead: 0 }
ReadStream {
  _readableState: 
   ReadableState {
     objectMode: false,
     highWaterMark: 65536,
     buffer: BufferList { head: null, tail: null, length: 0 },
     length: 0,
     pipes: null,
     pipesCount: 0,
     flowing: null,
     ended: false,
     endEmitted: false,
     reading: false,
     sync: true,
     needReadable: false,
     emittedReadable: false,
     readableListening: false,
     resumeScheduled: false,
     defaultEncoding: 'utf8',
     ranOut: false,
     awaitDrain: 0,
     readingMore: false,
     decoder: null,
     encoding: null },
  readable: true,
  domain: null,
  _events: { end: [Function], error: [Function: bound onerror] },
  _eventsCount: 2,
  _maxListeners: undefined,
  path: '/root/github/BeiDanChi/dist/static/js/app.7938afee81e1e24d36d1.js',
  fd: null,
  flags: 'r',
  mode: 438,
  start: undefined,
  end: undefined,
  autoClose: true,
  pos: undefined,
  bytesRead: 0 }
ReadStream {
  _readableState: 
   ReadableState {
     objectMode: false,
     highWaterMark: 65536,
     buffer: BufferList { head: null, tail: null, length: 0 },
     length: 0,
     pipes: null,
     pipesCount: 0,
     flowing: null,
     ended: false,
     endEmitted: false,
     reading: false,
     sync: true,
     needReadable: false,
     emittedReadable: false,
     readableListening: false,
     resumeScheduled: false,
     defaultEncoding: 'utf8',
     ranOut: false,
     awaitDrain: 0,
     readingMore: false,
     decoder: null,
     encoding: null },
  readable: true,
  domain: null,
  _events: { end: [Function], error: [Function: bound onerror] },
  _eventsCount: 2,
  _maxListeners: undefined,
  path: '/root/github/BeiDanChi/dist/static/js/vendor.9fe427e95f5019ebac7a.js',
  fd: null,
  flags: 'r',
  mode: 438,
  start: undefined,
  end: undefined,
  autoClose: true,
  pos: undefined,
  bytesRead: 0 }
ReadStream {
  _readableState: 
   ReadableState {
     objectMode: false,
     highWaterMark: 65536,
     buffer: BufferList { head: null, tail: null, length: 0 },
     length: 0,
     pipes: null,
     pipesCount: 0,
     flowing: null,
     ended: false,
     endEmitted: false,
     reading: false,
     sync: true,
     needReadable: false,
     emittedReadable: false,
     readableListening: false,
     resumeScheduled: false,
     defaultEncoding: 'utf8',
     ranOut: false,
     awaitDrain: 0,
     readingMore: false,
     decoder: null,
     encoding: null },
  readable: true,
  domain: null,
  _events: { end: [Function], error: [Function: bound onerror] },
  _eventsCount: 2,
  _maxListeners: undefined,
  path: '/root/github/BeiDanChi/dist/static/css/app.edda208532a3528b6f3e48947de980e5.css.map',
  fd: null,
  flags: 'r',
  mode: 438,
  start: undefined,
  end: undefined,
  autoClose: true,
  pos: undefined,
  bytesRead: 0 }
ReadStream {
  _readableState: 
   ReadableState {
     objectMode: false,
     highWaterMark: 65536,
     buffer: BufferList { head: null, tail: null, length: 0 },
     length: 0,
     pipes: null,
     pipesCount: 0,
     flowing: null,
     ended: false,
     endEmitted: false,
     reading: false,
     sync: true,
     needReadable: false,
     emittedReadable: false,
     readableListening: false,
     resumeScheduled: false,
     defaultEncoding: 'utf8',
     ranOut: false,
     awaitDrain: 0,
     readingMore: false,
     decoder: null,
     encoding: null },
  readable: true,
  domain: null,
  _events: { end: [Function], error: [Function: bound onerror] },
  _eventsCount: 2,
  _maxListeners: undefined,
  path: '/root/github/BeiDanChi/dist/index.html',
  fd: null,
  flags: 'r',
  mode: 438,
  start: undefined,
  end: undefined,
  autoClose: true,
  pos: undefined,
  bytesRead: 0 }
ReadStream {
  _readableState: 
   ReadableState {
     objectMode: false,
     highWaterMark: 65536,
     buffer: BufferList { head: null, tail: null, length: 0 },
     length: 0,
     pipes: null,
     pipesCount: 0,
     flowing: null,
     ended: false,
     endEmitted: false,
     reading: false,
     sync: true,
     needReadable: false,
     emittedReadable: false,
     readableListening: false,
     resumeScheduled: false,
     defaultEncoding: 'utf8',
     ranOut: false,
     awaitDrain: 0,
     readingMore: false,
     decoder: null,
     encoding: null },
  readable: true,
  domain: null,
  _events: { end: [Function], error: [Function: bound onerror] },
  _eventsCount: 2,
  _maxListeners: undefined,
  path: '/root/github/BeiDanChi/dist/static/js/vendor.9fe427e95f5019ebac7a.js.map',
  fd: null,
  flags: 'r',
  mode: 438,
  start: undefined,
  end: undefined,
  autoClose: true,
  pos: undefined,
  bytesRead: 0 }
ReadStream {
  _readableState: 
   ReadableState {
     objectMode: false,
     highWaterMark: 65536,
     buffer: BufferList { head: null, tail: null, length: 0 },
     length: 0,
     pipes: null,
     pipesCount: 0,
     flowing: null,
     ended: false,
     endEmitted: false,
     reading: false,
     sync: true,
     needReadable: false,
     emittedReadable: false,
     readableListening: false,
     resumeScheduled: false,
     defaultEncoding: 'utf8',
     ranOut: false,
     awaitDrain: 0,
     readingMore: false,
     decoder: null,
     encoding: null },
  readable: true,
  domain: null,
  _events: { end: [Function], error: [Function: bound onerror] },
  _eventsCount: 2,
  _maxListeners: undefined,
  path: '/root/github/BeiDanChi/dist/static/js/vendor.9fe427e95f5019ebac7a.js.map',
  fd: null,
  flags: 'r',
  mode: 438,
  start: undefined,
  end: undefined,
  autoClose: true,
  pos: undefined,
  bytesRead: 0 }

  Error: write EPIPE
      at exports._errnoException (util.js:1022:11)
      at WriteWrap.afterWrite [as oncomplete] (net.js:804:14)

ReadStream {
  _readableState: 
   ReadableState {
     objectMode: false,
     highWaterMark: 65536,
     buffer: BufferList { head: null, tail: null, length: 0 },
     length: 0,
     pipes: null,
     pipesCount: 0,
     flowing: null,
     ended: false,
     endEmitted: false,
     reading: false,
     sync: true,
     needReadable: false,
     emittedReadable: false,
     readableListening: false,
     resumeScheduled: false,
     defaultEncoding: 'utf8',
     ranOut: false,
     awaitDrain: 0,
     readingMore: false,
     decoder: null,
     encoding: null },
  readable: true,
  domain: null,
  _events: { end: [Function], error: [Function: bound onerror] },
  _eventsCount: 2,
  _maxListeners: undefined,
  path: '/root/github/BeiDanChi/dist/static/js/manifest.da559b43231024408520.js.map',
  fd: null,
  flags: 'r',
  mode: 438,
  start: undefined,
  end: undefined,
  autoClose: true,
  pos: undefined,
  bytesRead: 0 }

  TypeError: Cannot read property 'Symbol(Symbol.iterator)' of undefined
      at Object.serve (/root/github/BeiDanChi/node_modules/koa-static/index.js:43:14)
      at serve.next (<anonymous>)
      at onFulfilled (/root/github/BeiDanChi/node_modules/co/index.js:65:19)

ReadStream {
  _readableState: 
   ReadableState {
     objectMode: false,
     highWaterMark: 65536,
     buffer: BufferList { head: null, tail: null, length: 0 },
     length: 0,
     pipes: null,
     pipesCount: 0,
     flowing: null,
     ended: false,
     endEmitted: false,
     reading: false,
     sync: true,
     needReadable: false,
     emittedReadable: false,
     readableListening: false,
     resumeScheduled: false,
     defaultEncoding: 'utf8',
     ranOut: false,
     awaitDrain: 0,
     readingMore: false,
     decoder: null,
     encoding: null },
  readable: true,
  domain: null,
  _events: { end: [Function], error: [Function: bound onerror] },
  _eventsCount: 2,
  _maxListeners: undefined,
  path: '/root/github/BeiDanChi/dist/index.html',
  fd: null,
  flags: 'r',
  mode: 438,
  start: undefined,
  end: undefined,
  autoClose: true,
  pos: undefined,
  bytesRead: 0 }

  TypeError: Cannot read property 'Symbol(Symbol.iterator)' of undefined
      at Object.serve (/root/github/BeiDanChi/node_modules/koa-static/index.js:43:14)
      at serve.next (<anonymous>)
      at onFulfilled (/root/github/BeiDanChi/node_modules/co/index.js:65:19)


  TypeError: Cannot read property 'Symbol(Symbol.iterator)' of undefined
      at Object.serve (/root/github/BeiDanChi/node_modules/koa-static/index.js:43:14)
      at serve.next (<anonymous>)
      at onFulfilled (/root/github/BeiDanChi/node_modules/co/index.js:65:19)

ReadStream {
  _readableState: 
   ReadableState {
     objectMode: false,
     highWaterMark: 65536,
     buffer: BufferList { head: null, tail: null, length: 0 },
     length: 0,
     pipes: null,
     pipesCount: 0,
     flowing: null,
     ended: false,
     endEmitted: false,
     reading: false,
     sync: true,
     needReadable: false,
     emittedReadable: false,
     readableListening: false,
     resumeScheduled: false,
     defaultEncoding: 'utf8',
     ranOut: false,
     awaitDrain: 0,
     readingMore: false,
     decoder: null,
     encoding: null },
  readable: true,
  domain: null,
  _events: { end: [Function], error: [Function: bound onerror] },
  _eventsCount: 2,
  _maxListeners: undefined,
  path: '/root/github/BeiDanChi/dist/index.html',
  fd: null,
  flags: 'r',
  mode: 438,
  start: undefined,
  end: undefined,
  autoClose: true,
  pos: undefined,
  bytesRead: 0 }
ReadStream {
  _readableState: 
   ReadableState {
     objectMode: false,
     highWaterMark: 65536,
     buffer: BufferList { head: null, tail: null, length: 0 },
     length: 0,
     pipes: null,
     pipesCount: 0,
     flowing: null,
     ended: false,
     endEmitted: false,
     reading: false,
     sync: true,
     needReadable: false,
     emittedReadable: false,
     readableListening: false,
     resumeScheduled: false,
     defaultEncoding: 'utf8',
     ranOut: false,
     awaitDrain: 0,
     readingMore: false,
     decoder: null,
     encoding: null },
  readable: true,
  domain: null,
  _events: { end: [Function], error: [Function: bound onerror] },
  _eventsCount: 2,
  _maxListeners: undefined,
  path: '/root/github/BeiDanChi/dist/index.html',
  fd: null,
  flags: 'r',
  mode: 438,
  start: undefined,
  end: undefined,
  autoClose: true,
  pos: undefined,
  bytesRead: 0 }

  TypeError: Cannot read property 'Symbol(Symbol.iterator)' of undefined
      at Object.serve (/root/github/BeiDanChi/node_modules/koa-static/index.js:43:14)
      at serve.next (<anonymous>)
      at onFulfilled (/root/github/BeiDanChi/node_modules/co/index.js:65:19)


  TypeError: Cannot read property 'Symbol(Symbol.iterator)' of undefined
      at Object.serve (/root/github/BeiDanChi/node_modules/koa-static/index.js:43:14)
      at serve.next (<anonymous>)
      at onFulfilled (/root/github/BeiDanChi/node_modules/co/index.js:65:19)


  TypeError: Cannot read property 'Symbol(Symbol.iterator)' of undefined
      at Object.serve (/root/github/BeiDanChi/node_modules/koa-static/index.js:43:14)
      at serve.next (<anonymous>)
      at onFulfilled (/root/github/BeiDanChi/node_modules/co/index.js:65:19)


  TypeError: Cannot read property 'Symbol(Symbol.iterator)' of undefined
      at Object.serve (/root/github/BeiDanChi/node_modules/koa-static/index.js:43:14)
      at serve.next (<anonymous>)
      at onFulfilled (/root/github/BeiDanChi/node_modules/co/index.js:65:19)


  TypeError: Cannot read property 'Symbol(Symbol.iterator)' of undefined
      at Object.serve (/root/github/BeiDanChi/node_modules/koa-static/index.js:43:14)
      at serve.next (<anonymous>)
      at onFulfilled (/root/github/BeiDanChi/node_modules/co/index.js:65:19)


  TypeError: Cannot read property 'Symbol(Symbol.iterator)' of undefined
      at Object.serve (/root/github/BeiDanChi/node_modules/koa-static/index.js:43:14)
      at serve.next (<anonymous>)
      at onFulfilled (/root/github/BeiDanChi/node_modules/co/index.js:65:19)

ReadStream {
  _readableState: 
   ReadableState {
     objectMode: false,
     highWaterMark: 65536,
     buffer: BufferList { head: null, tail: null, length: 0 },
     length: 0,
     pipes: null,
     pipesCount: 0,
     flowing: null,
     ended: false,
     endEmitted: false,
     reading: false,
     sync: true,
     needReadable: false,
     emittedReadable: false,
     readableListening: false,
     resumeScheduled: false,
     defaultEncoding: 'utf8',
     ranOut: false,
     awaitDrain: 0,
     readingMore: false,
     decoder: null,
     encoding: null },
  readable: true,
  domain: null,
  _events: { end: [Function], error: [Function: bound onerror] },
  _eventsCount: 2,
  _maxListeners: undefined,
  path: '/root/github/BeiDanChi/dist/static/js/app.7938afee81e1e24d36d1.js.map',
  fd: null,
  flags: 'r',
  mode: 438,
  start: undefined,
  end: undefined,
  autoClose: true,
  pos: undefined,
  bytesRead: 0 }

  TypeError: Cannot read property 'Symbol(Symbol.iterator)' of undefined
      at Object.serve (/root/github/BeiDanChi/node_modules/koa-static/index.js:43:14)
      at serve.next (<anonymous>)
      at onFulfilled (/root/github/BeiDanChi/node_modules/co/index.js:65:19)

/word/list： [ { _id: 586af22be263070a88c31ed9,
    word: 'Tenant',
    describe: 'We showed the new tenants around the apartment.',
    end_time: 1484108048428,
    uid: 'bynyhysc2jhqib21ypno3ounim3xupa3njyb20ql' },
  { _id: 58629752e263070a88c31ec8,
    word: 'crime',
    describe: 'Those who commit crimes must be severely punished.',
    end_time: 1484193948457,
    uid: 'bynyhysc2jhqib21ypno3ounim3xupa3njyb20ql' },
  { _id: 586067d04e0e9e0548c08c6d,
    word: 'Vacant',
    describe: 'The apartment is vacant.you can move in any time you want.\n\n\nThe apartment is vacant,you can move in any time you want.',
    end_time: 1484043827305,
    uid: 'bynyhysc2jhqib21ypno3ounim3xupa3njyb20ql' },
  { _id: 58605b9b4e0e9e0548c08c6b,
    word: 'Sufficient',
    describe: 'I have prepared sufficient pancakes for my daughter.',
    end_time: 1483987849716,
    uid: 'bynyhysc2jhqib21ypno3ounim3xupa3njyb20ql' },
  { _id: 585f6f38c5a41f1b5faca603,
    word: 'adjustable',
    describe: 'The size of the belt is adjustable.',
    end_time: 1484108051546,
    uid: 'bynyhysc2jhqib21ypno3ounim3xupa3njyb20ql' },
  { _id: 585cfe9be45f0432780b76e4,
    word: 'Junk',
    describe: 'I don\'t need any of this junk.',
    end_time: 1484108053530,
    uid: 'bynyhysc2jhqib21ypno3ounim3xupa3njyb20ql' },
  { _id: 585baba9e45f0432780b76e1,
    word: 'The dog dispose the cat for licking her ass.',
    describe: '',
    end_time: 1483849626784,
    uid: 'bynyhysc2jhqib21ypno3ounim3xupa3njyb20ql' },
  { _id: 585b22c3e45f0432780b76e0,
    word: 'Attendance',
    describe: 'The attendance is  compulsory for this conference.',
    end_time: 1484021203805,
    uid: 'bynyhysc2jhqib21ypno3ounim3xupa3njyb20ql' },
  { _id: 585b21bfe45f0432780b76df,
    word: 'entitle',
    describe: 'Only invited wedding guests are entitled to sit here.',
    end_time: 1484021088779,
    uid: 'bynyhysc2jhqib21ypno3ounim3xupa3njyb20ql' },
  { _id: 585a5ceae45f0432780b76dd,
    word: 'Entitle',
    describe: 'Only invited wedding guests are entitle to sit here.',
    end_time: 1483967928674,
    uid: 'bynyhysc2jhqib21ypno3ounim3xupa3njyb20ql' },
  { _id: 585a591fe45f0432780b76dc,
    word: 'sensor',
    describe: 'The car sensor will warn you if your car is going to hit something.',
    end_time: 1484131051432,
    uid: 'bynyhysc2jhqib21ypno3ounim3xupa3njyb20ql' },
  { _id: 585a5840e45f0432780b76da,
    word: 'innovation',
    describe: 'The age of innovation is upon us！',
    end_time: 1484107480674,
    uid: 'bynyhysc2jhqib21ypno3ounim3xupa3njyb20ql' },
  { _id: 585a064be45f0432780b76d5,
    word: 'innovation',
    describe: 'The age of innovation is upon us.hurry up with my dinner.',
    end_time: 1483966948568,
    uid: 'bynyhysc2jhqib21ypno3ounim3xupa3njyb20ql' },
  { _id: 5859f879e45f0432780b76d4,
    word: 'mental',
    describe: 'He takes pills as candy out of his mental sickness.\n\n\nHe takes pills as candy out of his mental sickness.\n\nadj. 精神的，心理的,思想的\n',
    end_time: 1483761895796,
    uid: 'bynyhysc2jhqib21ypno3ounim3xupa3njyb20ql' },
  { _id: 5859f615e45f0432780b76d3,
    word: 'guarantee',
    describe: 'Use Baicizhan guarantees that you will pass your English exam。\n\nUsing Baicizhan guarantees that you will pass your English exams。\n\nv.保证,担保\nn.担保,保留单',
    end_time: 1484000389383,
    uid: 'bynyhysc2jhqib21ypno3ounim3xupa3njyb20ql' },
  { _id: 585948ab176f801d51e7136c,
    word: 'attendance',
    describe: 'the attendance is compulsore for this conference.',
    end_time: 1483847745222,
    uid: 'bynyhysc2jhqib21ypno3ounim3xupa3njyb20ql' },
  { _id: 5859052fb019c81c7e2e7a1b,
    word: 'domestic',
    describe: 'I\'m a big fan of domestic products\n国货',
    end_time: 1483881431477,
    uid: 'bynyhysc2jhqib21ypno3ounim3xupa3njyb20ql' } ]
ReadStream {
  _readableState: 
   ReadableState {
     objectMode: false,
     highWaterMark: 65536,
     buffer: BufferList { head: null, tail: null, length: 0 },
     length: 0,
     pipes: null,
     pipesCount: 0,
     flowing: null,
     ended: false,
     endEmitted: false,
     reading: false,
     sync: true,
     needReadable: false,
     emittedReadable: false,
     readableListening: false,
     resumeScheduled: false,
     defaultEncoding: 'utf8',
     ranOut: false,
     awaitDrain: 0,
     readingMore: false,
     decoder: null,
     encoding: null },
  readable: true,
  domain: null,
  _events: { end: [Function], error: [Function: bound onerror] },
  _eventsCount: 2,
  _maxListeners: undefined,
  path: '/root/github/BeiDanChi/dist/static/js/manifest.da559b43231024408520.js.map',
  fd: null,
  flags: 'r',
  mode: 438,
  start: undefined,
  end: undefined,
  autoClose: true,
  pos: undefined,
  bytesRead: 0 }
ReadStream {
  _readableState: 
   ReadableState {
     objectMode: false,
     highWaterMark: 65536,
     buffer: BufferList { head: null, tail: null, length: 0 },
     length: 0,
     pipes: null,
     pipesCount: 0,
     flowing: null,
     ended: false,
     endEmitted: false,
     reading: false,
     sync: true,
     needReadable: false,
     emittedReadable: false,
     readableListening: false,
     resumeScheduled: false,
     defaultEncoding: 'utf8',
     ranOut: false,
     awaitDrain: 0,
     readingMore: false,
     decoder: null,
     encoding: null },
  readable: true,
  domain: null,
  _events: { end: [Function], error: [Function: bound onerror] },
  _eventsCount: 2,
  _maxListeners: undefined,
  path: '/root/github/BeiDanChi/dist/static/js/vendor.9fe427e95f5019ebac7a.js.map',
  fd: null,
  flags: 'r',
  mode: 438,
  start: undefined,
  end: undefined,
  autoClose: true,
  pos: undefined,
  bytesRead: 0 }
ReadStream {
  _readableState: 
   ReadableState {
     objectMode: false,
     highWaterMark: 65536,
     buffer: BufferList { head: null, tail: null, length: 0 },
     length: 0,
     pipes: null,
     pipesCount: 0,
     flowing: null,
     ended: false,
     endEmitted: false,
     reading: false,
     sync: true,
     needReadable: false,
     emittedReadable: false,
     readableListening: false,
     resumeScheduled: false,
     defaultEncoding: 'utf8',
     ranOut: false,
     awaitDrain: 0,
     readingMore: false,
     decoder: null,
     encoding: null },
  readable: true,
  domain: null,
  _events: { end: [Function], error: [Function: bound onerror] },
  _eventsCount: 2,
  _maxListeners: undefined,
  path: '/root/github/BeiDanChi/dist/static/js/app.7938afee81e1e24d36d1.js.map',
  fd: null,
  flags: 'r',
  mode: 438,
  start: undefined,
  end: undefined,
  autoClose: true,
  pos: undefined,
  bytesRead: 0 }
ReadStream {
  _readableState: 
   ReadableState {
     objectMode: false,
     highWaterMark: 65536,
     buffer: BufferList { head: null, tail: null, length: 0 },
     length: 0,
     pipes: null,
     pipesCount: 0,
     flowing: null,
     ended: false,
     endEmitted: false,
     reading: false,
     sync: true,
     needReadable: false,
     emittedReadable: false,
     readableListening: false,
     resumeScheduled: false,
     defaultEncoding: 'utf8',
     ranOut: false,
     awaitDrain: 0,
     readingMore: false,
     decoder: null,
     encoding: null },
  readable: true,
  domain: null,
  _events: { end: [Function], error: [Function: bound onerror] },
  _eventsCount: 2,
  _maxListeners: undefined,
  path: '/root/github/BeiDanChi/dist/static/css/app.edda208532a3528b6f3e48947de980e5.css.map',
  fd: null,
  flags: 'r',
  mode: 438,
  start: undefined,
  end: undefined,
  autoClose: true,
  pos: undefined,
  bytesRead: 0 }
ReadStream {
  _readableState: 
   ReadableState {
     objectMode: false,
     highWaterMark: 65536,
     buffer: BufferList { head: null, tail: null, length: 0 },
     length: 0,
     pipes: null,
     pipesCount: 0,
     flowing: null,
     ended: false,
     endEmitted: false,
     reading: false,
     sync: true,
     needReadable: false,
     emittedReadable: false,
     readableListening: false,
     resumeScheduled: false,
     defaultEncoding: 'utf8',
     ranOut: false,
     awaitDrain: 0,
     readingMore: false,
     decoder: null,
     encoding: null },
  readable: true,
  domain: null,
  _events: { end: [Function], error: [Function: bound onerror] },
  _eventsCount: 2,
  _maxListeners: undefined,
  path: '/root/github/BeiDanChi/dist/index.html',
  fd: null,
  flags: 'r',
  mode: 438,
  start: undefined,
  end: undefined,
  autoClose: true,
  pos: undefined,
  bytesRead: 0 }
/word/list： [ { _id: 586af22be263070a88c31ed9,
    word: 'Tenant',
    describe: 'We showed the new tenants around the apartment.',
    end_time: 1484108048428,
    uid: 'bynyhysc2jhqib21ypno3ounim3xupa3njyb20ql' },
  { _id: 58629752e263070a88c31ec8,
    word: 'crime',
    describe: 'Those who commit crimes must be severely punished.',
    end_time: 1484193948457,
    uid: 'bynyhysc2jhqib21ypno3ounim3xupa3njyb20ql' },
  { _id: 586067d04e0e9e0548c08c6d,
    word: 'Vacant',
    describe: 'The apartment is vacant.you can move in any time you want.\n\n\nThe apartment is vacant,you can move in any time you want.',
    end_time: 1484043827305,
    uid: 'bynyhysc2jhqib21ypno3ounim3xupa3njyb20ql' },
  { _id: 58605b9b4e0e9e0548c08c6b,
    word: 'Sufficient',
    describe: 'I have prepared sufficient pancakes for my daughter.',
    end_time: 1483987849716,
    uid: 'bynyhysc2jhqib21ypno3ounim3xupa3njyb20ql' },
  { _id: 585f6f38c5a41f1b5faca603,
    word: 'adjustable',
    describe: 'The size of the belt is adjustable.',
    end_time: 1484108051546,
    uid: 'bynyhysc2jhqib21ypno3ounim3xupa3njyb20ql' },
  { _id: 585cfe9be45f0432780b76e4,
    word: 'Junk',
    describe: 'I don\'t need any of this junk.',
    end_time: 1484108053530,
    uid: 'bynyhysc2jhqib21ypno3ounim3xupa3njyb20ql' },
  { _id: 585baba9e45f0432780b76e1,
    word: 'The dog dispose the cat for licking her ass.',
    describe: '',
    end_time: 1483849626784,
    uid: 'bynyhysc2jhqib21ypno3ounim3xupa3njyb20ql' },
  { _id: 585b22c3e45f0432780b76e0,
    word: 'Attendance',
    describe: 'The attendance is  compulsory for this conference.',
    end_time: 1484021203805,
    uid: 'bynyhysc2jhqib21ypno3ounim3xupa3njyb20ql' },
  { _id: 585b21bfe45f0432780b76df,
    word: 'entitle',
    describe: 'Only invited wedding guests are entitled to sit here.',
    end_time: 1484021088779,
    uid: 'bynyhysc2jhqib21ypno3ounim3xupa3njyb20ql' },
  { _id: 585a5ceae45f0432780b76dd,
    word: 'Entitle',
    describe: 'Only invited wedding guests are entitle to sit here.',
    end_time: 1483967928674,
    uid: 'bynyhysc2jhqib21ypno3ounim3xupa3njyb20ql' },
  { _id: 585a591fe45f0432780b76dc,
    word: 'sensor',
    describe: 'The car sensor will warn you if your car is going to hit something.',
    end_time: 1484131051432,
    uid: 'bynyhysc2jhqib21ypno3ounim3xupa3njyb20ql' },
  { _id: 585a5840e45f0432780b76da,
    word: 'innovation',
    describe: 'The age of innovation is upon us！',
    end_time: 1484107480674,
    uid: 'bynyhysc2jhqib21ypno3ounim3xupa3njyb20ql' },
  { _id: 585a064be45f0432780b76d5,
    word: 'innovation',
    describe: 'The age of innovation is upon us.hurry up with my dinner.',
    end_time: 1483966948568,
    uid: 'bynyhysc2jhqib21ypno3ounim3xupa3njyb20ql' },
  { _id: 5859f879e45f0432780b76d4,
    word: 'mental',
    describe: 'He takes pills as candy out of his mental sickness.\n\n\nHe takes pills as candy out of his mental sickness.\n\nadj. 精神的，心理的,思想的\n',
    end_time: 1483761895796,
    uid: 'bynyhysc2jhqib21ypno3ounim3xupa3njyb20ql' },
  { _id: 5859f615e45f0432780b76d3,
    word: 'guarantee',
    describe: 'Use Baicizhan guarantees that you will pass your English exam。\n\nUsing Baicizhan guarantees that you will pass your English exams。\n\nv.保证,担保\nn.担保,保留单',
    end_time: 1484000389383,
    uid: 'bynyhysc2jhqib21ypno3ounim3xupa3njyb20ql' },
  { _id: 585948ab176f801d51e7136c,
    word: 'attendance',
    describe: 'the attendance is compulsore for this conference.',
    end_time: 1483847745222,
    uid: 'bynyhysc2jhqib21ypno3ounim3xupa3njyb20ql' },
  { _id: 5859052fb019c81c7e2e7a1b,
    word: 'domestic',
    describe: 'I\'m a big fan of domestic products\n国货',
    end_time: 1483881431477,
    uid: 'bynyhysc2jhqib21ypno3ounim3xupa3njyb20ql' } ]

  TypeError: Cannot read property 'Symbol(Symbol.iterator)' of undefined
      at Object.serve (/root/github/BeiDanChi/node_modules/koa-static/index.js:43:14)
      at serve.next (<anonymous>)
      at onFulfilled (/root/github/BeiDanChi/node_modules/co/index.js:65:19)

ReadStream {
  _readableState: 
   ReadableState {
     objectMode: false,
     highWaterMark: 65536,
     buffer: BufferList { head: null, tail: null, length: 0 },
     length: 0,
     pipes: null,
     pipesCount: 0,
     flowing: null,
     ended: false,
     endEmitted: false,
     reading: false,
     sync: true,
     needReadable: false,
     emittedReadable: false,
     readableListening: false,
     resumeScheduled: false,
     defaultEncoding: 'utf8',
     ranOut: false,
     awaitDrain: 0,
     readingMore: false,
     decoder: null,
     encoding: null },
  readable: true,
  domain: null,
  _events: { end: [Function], error: [Function: bound onerror] },
  _eventsCount: 2,
  _maxListeners: undefined,
  path: '/root/github/BeiDanChi/dist/index.html',
  fd: null,
  flags: 'r',
  mode: 438,
  start: undefined,
  end: undefined,
  autoClose: true,
  pos: undefined,
  bytesRead: 0 }

  TypeError: Cannot read property 'Symbol(Symbol.iterator)' of undefined
      at Object.serve (/root/github/BeiDanChi/node_modules/koa-static/index.js:43:14)
      at serve.next (<anonymous>)
      at onFulfilled (/root/github/BeiDanChi/node_modules/co/index.js:65:19)

/word/list： [ { _id: 586af22be263070a88c31ed9,
    word: 'Tenant',
    describe: 'We showed the new tenants around the apartment.',
    end_time: 1484108048428,
    uid: 'bynyhysc2jhqib21ypno3ounim3xupa3njyb20ql' },
  { _id: 58629752e263070a88c31ec8,
    word: 'crime',
    describe: 'Those who commit crimes must be severely punished.',
    end_time: 1484193948457,
    uid: 'bynyhysc2jhqib21ypno3ounim3xupa3njyb20ql' },
  { _id: 586067d04e0e9e0548c08c6d,
    word: 'Vacant',
    describe: 'The apartment is vacant.you can move in any time you want.\n\n\nThe apartment is vacant,you can move in any time you want.',
    end_time: 1484043827305,
    uid: 'bynyhysc2jhqib21ypno3ounim3xupa3njyb20ql' },
  { _id: 58605b9b4e0e9e0548c08c6b,
    word: 'Sufficient',
    describe: 'I have prepared sufficient pancakes for my daughter.',
    end_time: 1483987849716,
    uid: 'bynyhysc2jhqib21ypno3ounim3xupa3njyb20ql' },
  { _id: 585f6f38c5a41f1b5faca603,
    word: 'adjustable',
    describe: 'The size of the belt is adjustable.',
    end_time: 1484108051546,
    uid: 'bynyhysc2jhqib21ypno3ounim3xupa3njyb20ql' },
  { _id: 585cfe9be45f0432780b76e4,
    word: 'Junk',
    describe: 'I don\'t need any of this junk.',
    end_time: 1484108053530,
    uid: 'bynyhysc2jhqib21ypno3ounim3xupa3njyb20ql' },
  { _id: 585baba9e45f0432780b76e1,
    word: 'The dog dispose the cat for licking her ass.',
    describe: '',
    end_time: 1483849626784,
    uid: 'bynyhysc2jhqib21ypno3ounim3xupa3njyb20ql' },
  { _id: 585b22c3e45f0432780b76e0,
    word: 'Attendance',
    describe: 'The attendance is  compulsory for this conference.',
    end_time: 1484021203805,
    uid: 'bynyhysc2jhqib21ypno3ounim3xupa3njyb20ql' },
  { _id: 585b21bfe45f0432780b76df,
    word: 'entitle',
    describe: 'Only invited wedding guests are entitled to sit here.',
    end_time: 1484021088779,
    uid: 'bynyhysc2jhqib21ypno3ounim3xupa3njyb20ql' },
  { _id: 585a5ceae45f0432780b76dd,
    word: 'Entitle',
    describe: 'Only invited wedding guests are entitle to sit here.',
    end_time: 1483967928674,
    uid: 'bynyhysc2jhqib21ypno3ounim3xupa3njyb20ql' },
  { _id: 585a591fe45f0432780b76dc,
    word: 'sensor',
    describe: 'The car sensor will warn you if your car is going to hit something.',
    end_time: 1484131051432,
    uid: 'bynyhysc2jhqib21ypno3ounim3xupa3njyb20ql' },
  { _id: 585a5840e45f0432780b76da,
    word: 'innovation',
    describe: 'The age of innovation is upon us！',
    end_time: 1484107480674,
    uid: 'bynyhysc2jhqib21ypno3ounim3xupa3njyb20ql' },
  { _id: 585a064be45f0432780b76d5,
    word: 'innovation',
    describe: 'The age of innovation is upon us.hurry up with my dinner.',
    end_time: 1483966948568,
    uid: 'bynyhysc2jhqib21ypno3ounim3xupa3njyb20ql' },
  { _id: 5859f879e45f0432780b76d4,
    word: 'mental',
    describe: 'He takes pills as candy out of his mental sickness.\n\n\nHe takes pills as candy out of his mental sickness.\n\nadj. 精神的，心理的,思想的\n',
    end_time: 1483761895796,
    uid: 'bynyhysc2jhqib21ypno3ounim3xupa3njyb20ql' },
  { _id: 5859f615e45f0432780b76d3,
    word: 'guarantee',
    describe: 'Use Baicizhan guarantees that you will pass your English exam。\n\nUsing Baicizhan guarantees that you will pass your English exams。\n\nv.保证,担保\nn.担保,保留单',
    end_time: 1484000389383,
    uid: 'bynyhysc2jhqib21ypno3ounim3xupa3njyb20ql' },
  { _id: 585948ab176f801d51e7136c,
    word: 'attendance',
    describe: 'the attendance is compulsore for this conference.',
    end_time: 1483847745222,
    uid: 'bynyhysc2jhqib21ypno3ounim3xupa3njyb20ql' },
  { _id: 5859052fb019c81c7e2e7a1b,
    word: 'domestic',
    describe: 'I\'m a big fan of domestic products\n国货',
    end_time: 1483881431477,
    uid: 'bynyhysc2jhqib21ypno3ounim3xupa3njyb20ql' } ]
ReadStream {
  _readableState: 
   ReadableState {
     objectMode: false,
     highWaterMark: 65536,
     buffer: BufferList { head: null, tail: null, length: 0 },
     length: 0,
     pipes: null,
     pipesCount: 0,
     flowing: null,
     ended: false,
     endEmitted: false,
     reading: false,
     sync: true,
     needReadable: false,
     emittedReadable: false,
     readableListening: false,
     resumeScheduled: false,
     defaultEncoding: 'utf8',
     ranOut: false,
     awaitDrain: 0,
     readingMore: false,
     decoder: null,
     encoding: null },
  readable: true,
  domain: null,
  _events: { end: [Function], error: [Function: bound onerror] },
  _eventsCount: 2,
  _maxListeners: undefined,
  path: '/root/github/BeiDanChi/dist/index.html',
  fd: null,
  flags: 'r',
  mode: 438,
  start: undefined,
  end: undefined,
  autoClose: true,
  pos: undefined,
  bytesRead: 0 }
ReadStream {
  _readableState: 
   ReadableState {
     objectMode: false,
     highWaterMark: 65536,
     buffer: BufferList { head: null, tail: null, length: 0 },
     length: 0,
     pipes: null,
     pipesCount: 0,
     flowing: null,
     ended: false,
     endEmitted: false,
     reading: false,
     sync: true,
     needReadable: false,
     emittedReadable: false,
     readableListening: false,
     resumeScheduled: false,
     defaultEncoding: 'utf8',
     ranOut: false,
     awaitDrain: 0,
     readingMore: false,
     decoder: null,
     encoding: null },
  readable: true,
  domain: null,
  _events: { end: [Function], error: [Function: bound onerror] },
  _eventsCount: 2,
  _maxListeners: undefined,
  path: '/root/github/BeiDanChi/dist/index.html',
  fd: null,
  flags: 'r',
  mode: 438,
  start: undefined,
  end: undefined,
  autoClose: true,
  pos: undefined,
  bytesRead: 0 }

  TypeError: Cannot read property 'Symbol(Symbol.iterator)' of undefined
      at Object.serve (/root/github/BeiDanChi/node_modules/koa-static/index.js:43:14)
      at serve.next (<anonymous>)
      at onFulfilled (/root/github/BeiDanChi/node_modules/co/index.js:65:19)


  TypeError: Cannot read property 'Symbol(Symbol.iterator)' of undefined
      at Object.serve (/root/github/BeiDanChi/node_modules/koa-static/index.js:43:14)
      at serve.next (<anonymous>)
      at onFulfilled (/root/github/BeiDanChi/node_modules/co/index.js:65:19)

ReadStream {
  _readableState: 
   ReadableState {
     objectMode: false,
     highWaterMark: 65536,
     buffer: BufferList { head: null, tail: null, length: 0 },
     length: 0,
     pipes: null,
     pipesCount: 0,
     flowing: null,
     ended: false,
     endEmitted: false,
     reading: false,
     sync: true,
     needReadable: false,
     emittedReadable: false,
     readableListening: false,
     resumeScheduled: false,
     defaultEncoding: 'utf8',
     ranOut: false,
     awaitDrain: 0,
     readingMore: false,
     decoder: null,
     encoding: null },
  readable: true,
  domain: null,
  _events: { end: [Function], error: [Function: bound onerror] },
  _eventsCount: 2,
  _maxListeners: undefined,
  path: '/root/github/BeiDanChi/dist/index.html',
  fd: null,
  flags: 'r',
  mode: 438,
  start: undefined,
  end: undefined,
  autoClose: true,
  pos: undefined,
  bytesRead: 0 }
ReadStream {
  _readableState: 
   ReadableState {
     objectMode: false,
     highWaterMark: 65536,
     buffer: BufferList { head: null, tail: null, length: 0 },
     length: 0,
     pipes: null,
     pipesCount: 0,
     flowing: null,
     ended: false,
     endEmitted: false,
     reading: false,
     sync: true,
     needReadable: false,
     emittedReadable: false,
     readableListening: false,
     resumeScheduled: false,
     defaultEncoding: 'utf8',
     ranOut: false,
     awaitDrain: 0,
     readingMore: false,
     decoder: null,
     encoding: null },
  readable: true,
  domain: null,
  _events: { end: [Function], error: [Function: bound onerror] },
  _eventsCount: 2,
  _maxListeners: undefined,
  path: '/root/github/BeiDanChi/dist/static/js/manifest.da559b43231024408520.js.map',
  fd: null,
  flags: 'r',
  mode: 438,
  start: undefined,
  end: undefined,
  autoClose: true,
  pos: undefined,
  bytesRead: 0 }

  TypeError: Cannot read property 'Symbol(Symbol.iterator)' of undefined
      at Object.serve (/root/github/BeiDanChi/node_modules/koa-static/index.js:43:14)
      at serve.next (<anonymous>)
      at onFulfilled (/root/github/BeiDanChi/node_modules/co/index.js:65:19)

ReadStream {
  _readableState: 
   ReadableState {
     objectMode: false,
     highWaterMark: 65536,
     buffer: BufferList { head: null, tail: null, length: 0 },
     length: 0,
     pipes: null,
     pipesCount: 0,
     flowing: null,
     ended: false,
     endEmitted: false,
     reading: false,
     sync: true,
     needReadable: false,
     emittedReadable: false,
     readableListening: false,
     resumeScheduled: false,
     defaultEncoding: 'utf8',
     ranOut: false,
     awaitDrain: 0,
     readingMore: false,
     decoder: null,
     encoding: null },
  readable: true,
  domain: null,
  _events: { end: [Function], error: [Function: bound onerror] },
  _eventsCount: 2,
  _maxListeners: undefined,
  path: '/root/github/BeiDanChi/dist/index.html',
  fd: null,
  flags: 'r',
  mode: 438,
  start: undefined,
  end: undefined,
  autoClose: true,
  pos: undefined,
  bytesRead: 0 }
ReadStream {
  _readableState: 
   ReadableState {
     objectMode: false,
     highWaterMark: 65536,
     buffer: BufferList { head: null, tail: null, length: 0 },
     length: 0,
     pipes: null,
     pipesCount: 0,
     flowing: null,
     ended: false,
     endEmitted: false,
     reading: false,
     sync: true,
     needReadable: false,
     emittedReadable: false,
     readableListening: false,
     resumeScheduled: false,
     defaultEncoding: 'utf8',
     ranOut: false,
     awaitDrain: 0,
     readingMore: false,
     decoder: null,
     encoding: null },
  readable: true,
  domain: null,
  _events: { end: [Function], error: [Function: bound onerror] },
  _eventsCount: 2,
  _maxListeners: undefined,
  path: '/root/github/BeiDanChi/dist/index.html',
  fd: null,
  flags: 'r',
  mode: 438,
  start: undefined,
  end: undefined,
  autoClose: true,
  pos: undefined,
  bytesRead: 0 }

  TypeError: Cannot read property 'Symbol(Symbol.iterator)' of undefined
      at Object.serve (/root/github/BeiDanChi/node_modules/koa-static/index.js:43:14)
      at serve.next (<anonymous>)
      at onFulfilled (/root/github/BeiDanChi/node_modules/co/index.js:65:19)

